<?xml version="1.0"?>
<testsuite errors="0" failures="7" tests="25" name="test.chris.php" time="0.279365"><testcase classname="TestDBClass" name="testGetInstance" time="0.005372"/><testcase classname="TestDBClass" name="testExecute" time="0.001476"/><testcase classname="TestDBClass" name="testExecute2" time="0.001793"/><testcase classname="TestDBClass" name="testExecute3" time="0.00134"/><testcase classname="TestDBClass" name="testExecute4" time="0.001307"/><testcase classname="TestMapperClass" name="testFilter" time="0.006077"><failure message="Expected true, got [Boolean: false] at [/net/pretoria/local_mount/space/pretoria/2/chb/users/nicolas.rannou/gitroot/chrisreloaded/controller/testing/test.mapper.class.php line 63]"/><failure message="Expected true, got [Boolean: false] at [/net/pretoria/local_mount/space/pretoria/2/chb/users/nicolas.rannou/gitroot/chrisreloaded/controller/testing/test.mapper.class.php line 73]"/><failure message="Expected true, got [Boolean: false] at [/net/pretoria/local_mount/space/pretoria/2/chb/users/nicolas.rannou/gitroot/chrisreloaded/controller/testing/test.mapper.class.php line 90]"/></testcase><testcase classname="TestMapperClass" name="testJoin" time="4.6000000000004E-5"/><testcase classname="TestMapperClass" name="testLjoin" time="4.3000000000001E-5"/><testcase classname="TestMapperClass" name="testGroup" time="0.001721"><failure message="Expected true, got [Boolean: false] at [/net/pretoria/local_mount/space/pretoria/2/chb/users/nicolas.rannou/gitroot/chrisreloaded/controller/testing/test.mapper.class.php line 152]"/></testcase><testcase classname="TestMapperClass" name="testGet" time="0.0077"><failure message="Expected true, got [Boolean: false] at [/net/pretoria/local_mount/space/pretoria/2/chb/users/nicolas.rannou/gitroot/chrisreloaded/controller/testing/test.mapper.class.php line 195]"/></testcase><testcase classname="TestMapperClass" name="testGetStatic" time="0.00263"/><testcase classname="TestMapperClass" name="testAdd" time="0.128662"><failure message="Expected true, got [Boolean: false] at [/net/pretoria/local_mount/space/pretoria/2/chb/users/nicolas.rannou/gitroot/chrisreloaded/controller/testing/test.mapper.class.php line 233]"/></testcase><testcase classname="TestMapperClass" name="testDelete" time="0.04223"/><testcase classname="TestMapperClass" name="testUpdate" time="0.074728"><failure message="Expected true, got [Boolean: false] at [/net/pretoria/local_mount/space/pretoria/2/chb/users/nicolas.rannou/gitroot/chrisreloaded/controller/testing/test.mapper.class.php line 293]"/></testcase><testcase classname="TestObjectModel" name="testToString" time="6.8000000000012E-5"/><testcase classname="TestDataModel" name="testToString" time="0.00092799999999998"/><testcase classname="TestData_PatientModel" name="testToString" time="0.000392"/><testcase classname="TestStudyModel" name="testToString" time="0.00082199999999999"/><testcase classname="TestData_StudyModel" name="testToString" time="0.00019600000000003"/><testcase classname="TestUserModel" name="testToString" time="0.00024599999999997"/><testcase classname="TestUser_DataModel" name="testToString" time="0.000195"/><testcase classname="TestFeedModel" name="testToString" time="0.00050299999999998"/><testcase classname="TestFeed_DataModel" name="testToString" time="0.000197"/><testcase classname="TestMeta" name="testToString" time="0.00039699999999998"/><testcase classname="TestPatientModel" name="testToString" time="0.00029600000000002"/></testsuite>
